Started GET "/home" for 127.0.0.1 at 2015-12-25 15:06:57 +0800
Processing by HomeController#index as HTML
  Rendered home/index.html.erb within layouts/application (81.9ms)
Completed 500 Internal Server Error in 117ms

ActionView::Template::Error (
Problem:
  No sessions configuration provided.
Summary:
  Mongoid's configuration requires that you provide details about each session that can be connected to, and requires in the sessions config at least 1 default session to exist.
Resolution:
  Double check your mongoid.yml to make sure that you have a top-level sessions key with at least 1 default session configuration for it. You can regenerate a new mongoid.yml for assistance via `rails g mongoid:config`.

 Example:
   development:
     sessions:
       default:
         database: mongoid_dev
         hosts:
           - localhost:27017

):
    4:       <%= link_to '更多...', poetries_path -%>
    5:     </span>
    6:   </div>
    7:   <div class="middle">
    8:     <% @poetries.each_with_index do |song, i| %>
    9:         <%= render :partial => 'layouts/item', :locals => {:item => song, :is_last => @poetries.size==i+1} -%>
    10:     <% end %>
  app/views/home/index.html.erb:7:in `each_with_index'
  app/views/home/index.html.erb:7:in `_app_views_home_index_html_erb___3635703355250361813_70122690741900'


Started GET "/home" for 127.0.0.1 at 2015-12-25 15:09:02 +0800
Processing by HomeController#index as HTML
  Rendered home/index.html.erb within layouts/application (9.6ms)
Completed 500 Internal Server Error in 14ms

ActionView::Template::Error (
Problem:
  No sessions configuration provided.
Summary:
  Mongoid's configuration requires that you provide details about each session that can be connected to, and requires in the sessions config at least 1 default session to exist.
Resolution:
  Double check your mongoid.yml to make sure that you have a top-level sessions key with at least 1 default session configuration for it. You can regenerate a new mongoid.yml for assistance via `rails g mongoid:config`.

 Example:
   development:
     sessions:
       default:
         database: mongoid_dev
         hosts:
           - localhost:27017

):
    4:       <%= link_to '更多...', poetries_path -%>
    5:     </span>
    6:   </div>
    7:   <div class="middle">
    8:     <% @poetries.each_with_index do |song, i| %>
    9:         <%= render :partial => 'layouts/item', :locals => {:item => song, :is_last => @poetries.size==i+1} -%>
    10:     <% end %>
  app/views/home/index.html.erb:7:in `each_with_index'
  app/views/home/index.html.erb:7:in `_app_views_home_index_html_erb__885727290026953674_70140006333220'


Started GET "/" for 127.0.0.1 at 2015-12-25 15:11:48 +0800
Processing by HomeController#index as HTML
  Rendered home/index.html.erb within layouts/application (1.0ms)
Completed 500 Internal Server Error in 2ms

ActionView::Template::Error (
Problem:
  No sessions configuration provided.
Summary:
  Mongoid's configuration requires that you provide details about each session that can be connected to, and requires in the sessions config at least 1 default session to exist.
Resolution:
  Double check your mongoid.yml to make sure that you have a top-level sessions key with at least 1 default session configuration for it. You can regenerate a new mongoid.yml for assistance via `rails g mongoid:config`.

 Example:
   development:
     sessions:
       default:
         database: mongoid_dev
         hosts:
           - localhost:27017

):
    4:       <%= link_to '更多...', poetries_path -%>
    5:     </span>
    6:   </div>
    7:   <div class="middle">
    8:     <% @poetries.each_with_index do |song, i| %>
    9:         <%= render :partial => 'layouts/item', :locals => {:item => song, :is_last => @poetries.size==i+1} -%>
    10:     <% end %>
  app/views/home/index.html.erb:7:in `each_with_index'
  app/views/home/index.html.erb:7:in `_app_views_home_index_html_erb__885727290026953674_70140006333220'


Started GET "/" for 127.0.0.1 at 2015-12-25 15:13:50 +0800
Processing by HomeController#index as HTML
  Rendered layouts/_item.erb (12.5ms)
  Rendered layouts/_item.erb (2.1ms)
  Rendered layouts/_item.erb (1.9ms)
  Rendered layouts/_item.erb (1.9ms)
  Rendered layouts/_item.erb (2.1ms)
  Rendered layouts/_item.erb (3.7ms)
  Rendered layouts/_item.erb (2.4ms)
  Rendered layouts/_item.erb (2.1ms)
  Rendered layouts/_item.erb (2.0ms)
  Rendered layouts/_item.erb (3.2ms)
  Rendered layouts/_item.erb (2.1ms)
  Rendered layouts/_item.erb (3.3ms)
  Rendered home/index.html.erb within layouts/application (79.7ms)
Completed 500 Internal Server Error in 86ms

ActionView::Template::Error (application.css isn't precompiled):
    2: <html>
    3: <head>
    4:   <title>赋美</title>
    5:   <%= stylesheet_link_tag "application", :media => "all" %>
    6:   <%= javascript_include_tag "application" %>
    7:   <link rel="stylesheet" type="text/css" href="/simditor/styles/font-awesome.css"/>
    8:   <link rel="stylesheet" type="text/css" href="/simditor/styles/simditor.css"/>
  app/views/layouts/application.html.erb:5:in `_app_views_layouts_application_html_erb___3011356331575422683_70138520357860'


Compiled jquery.js  (3ms)  (pid 15893)
Compiled jquery_ujs.js  (0ms)  (pid 15893)
Compiled authors.js  (139ms)  (pid 15893)
Compiled home.js  (31ms)  (pid 15893)
Compiled pieces.js  (34ms)  (pid 15893)
Compiled poetries.js  (31ms)  (pid 15893)
Compiled proses.js  (31ms)  (pid 15893)
Compiled songs.js  (30ms)  (pid 15893)
Compiled users.js  (30ms)  (pid 15893)
Compiled application.js  (454ms)  (pid 15893)
Started GET "/" for 127.0.0.1 at 2015-12-25 15:19:09 +0800
Processing by HomeController#index as HTML
  Rendered layouts/_item.erb (54.9ms)
  Rendered layouts/_item.erb (2.1ms)
  Rendered layouts/_item.erb (1.9ms)
  Rendered layouts/_item.erb (2.1ms)
  Rendered layouts/_item.erb (2.0ms)
  Rendered layouts/_item.erb (2.8ms)
  Rendered layouts/_item.erb (1.9ms)
  Rendered layouts/_item.erb (2.0ms)
  Rendered layouts/_item.erb (2.0ms)
  Rendered layouts/_item.erb (3.4ms)
  Rendered layouts/_item.erb (2.1ms)
  Rendered layouts/_item.erb (3.9ms)
  Rendered home/index.html.erb within layouts/application (121.7ms)
Completed 500 Internal Server Error in 159ms

ActionView::Template::Error (application.css isn't precompiled):
    2: <html>
    3: <head>
    4:   <title>赋美</title>
    5:   <%= stylesheet_link_tag "application", :media => "all" %>
    6:   <%= javascript_include_tag "application" %>
    7:   <link rel="stylesheet" type="text/css" href="/simditor/styles/font-awesome.css"/>
    8:   <link rel="stylesheet" type="text/css" href="/simditor/styles/simditor.css"/>
  app/views/layouts/application.html.erb:5:in `_app_views_layouts_application_html_erb__3654293986920528855_70297896436180'


Compiled jquery.js  (3ms)  (pid 15917)
Compiled jquery_ujs.js  (0ms)  (pid 15917)
Compiled authors.js  (316ms)  (pid 15917)
Compiled home.js  (0ms)  (pid 15917)
Compiled pieces.js  (0ms)  (pid 15917)
Compiled poetries.js  (0ms)  (pid 15917)
Compiled proses.js  (0ms)  (pid 15917)
Compiled songs.js  (0ms)  (pid 15917)
Compiled users.js  (0ms)  (pid 15917)
Compiled application.js  (376ms)  (pid 15917)
Warning. Error encountered while saving cache /Users/tony/jiemian/prose/tmp/cache/sass/eabd7c6b3f694c465643d72a02b03d976a58b7ff/authors.css.scssc: can't dump anonymous class #<Class:0x007fd33abe70e8>

Compiled authors.css  (23ms)  (pid 15917)
Compiled bootstrap-select.min.css  (0ms)  (pid 15917)
Compiled bootstrap.min.css  (0ms)  (pid 15917)
Warning. Error encountered while saving cache /Users/tony/jiemian/prose/tmp/cache/sass/eabd7c6b3f694c465643d72a02b03d976a58b7ff/home.css.scssc: can't dump anonymous class #<Class:0x007fd33abe70e8>

Compiled home.css  (1ms)  (pid 15917)
Warning. Error encountered while saving cache /Users/tony/jiemian/prose/tmp/cache/sass/eabd7c6b3f694c465643d72a02b03d976a58b7ff/pieces.css.scssc: can't dump anonymous class #<Class:0x007fd33abe70e8>

Compiled pieces.css  (1ms)  (pid 15917)
Warning. Error encountered while saving cache /Users/tony/jiemian/prose/tmp/cache/sass/eabd7c6b3f694c465643d72a02b03d976a58b7ff/poetries.css.scssc: can't dump anonymous class #<Class:0x007fd33abe70e8>

Compiled poetries.css  (1ms)  (pid 15917)
Warning. Error encountered while saving cache /Users/tony/jiemian/prose/tmp/cache/sass/eabd7c6b3f694c465643d72a02b03d976a58b7ff/proses.css.scssc: can't dump anonymous class #<Class:0x007fd33abe70e8>

Compiled proses.css  (0ms)  (pid 15917)
Warning. Error encountered while saving cache /Users/tony/jiemian/prose/tmp/cache/sass/eabd7c6b3f694c465643d72a02b03d976a58b7ff/scaffolds.css.scssc: can't dump anonymous class #<Class:0x007fd33abe70e8>

Compiled scaffolds.css  (3ms)  (pid 15917)
Warning. Error encountered while saving cache /Users/tony/jiemian/prose/tmp/cache/sass/eabd7c6b3f694c465643d72a02b03d976a58b7ff/songs.css.scssc: can't dump anonymous class #<Class:0x007fd33abe70e8>

Compiled songs.css  (1ms)  (pid 15917)
Warning. Error encountered while saving cache /Users/tony/jiemian/prose/tmp/cache/sass/eabd7c6b3f694c465643d72a02b03d976a58b7ff/users.css.scssc: can't dump anonymous class #<Class:0x007fd33abe70e8>

Compiled users.css  (0ms)  (pid 15917)
Compiled application.css  (79ms)  (pid 15917)
Compiled jquery.js  (3ms)  (pid 15917)
Compiled jquery_ujs.js  (0ms)  (pid 15917)
Compiled authors.js  (31ms)  (pid 15917)
Compiled home.js  (0ms)  (pid 15917)
Compiled pieces.js  (0ms)  (pid 15917)
Compiled poetries.js  (0ms)  (pid 15917)
Compiled proses.js  (0ms)  (pid 15917)
Compiled songs.js  (0ms)  (pid 15917)
Compiled users.js  (0ms)  (pid 15917)
Compiled application.js  (60ms)  (pid 15917)
Warning. Error encountered while saving cache /Users/tony/jiemian/prose/tmp/cache/sass/eabd7c6b3f694c465643d72a02b03d976a58b7ff/authors.css.scssc: can't dump anonymous class #<Class:0x007ffcf42a3750>

Compiled authors.css  (2ms)  (pid 15917)
Compiled bootstrap-select.min.css  (0ms)  (pid 15917)
Compiled bootstrap.min.css  (0ms)  (pid 15917)
Warning. Error encountered while saving cache /Users/tony/jiemian/prose/tmp/cache/sass/eabd7c6b3f694c465643d72a02b03d976a58b7ff/home.css.scssc: can't dump anonymous class #<Class:0x007ffcf42a3750>

Compiled home.css  (1ms)  (pid 15917)
Warning. Error encountered while saving cache /Users/tony/jiemian/prose/tmp/cache/sass/eabd7c6b3f694c465643d72a02b03d976a58b7ff/pieces.css.scssc: can't dump anonymous class #<Class:0x007ffcf42a3750>

Compiled pieces.css  (0ms)  (pid 15917)
Warning. Error encountered while saving cache /Users/tony/jiemian/prose/tmp/cache/sass/eabd7c6b3f694c465643d72a02b03d976a58b7ff/poetries.css.scssc: can't dump anonymous class #<Class:0x007ffcf42a3750>

Compiled poetries.css  (0ms)  (pid 15917)
Warning. Error encountered while saving cache /Users/tony/jiemian/prose/tmp/cache/sass/eabd7c6b3f694c465643d72a02b03d976a58b7ff/proses.css.scssc: can't dump anonymous class #<Class:0x007ffcf42a3750>

Compiled proses.css  (0ms)  (pid 15917)
Warning. Error encountered while saving cache /Users/tony/jiemian/prose/tmp/cache/sass/eabd7c6b3f694c465643d72a02b03d976a58b7ff/scaffolds.css.scssc: can't dump anonymous class #<Class:0x007ffcf42a3750>

Compiled scaffolds.css  (4ms)  (pid 15917)
Warning. Error encountered while saving cache /Users/tony/jiemian/prose/tmp/cache/sass/eabd7c6b3f694c465643d72a02b03d976a58b7ff/songs.css.scssc: can't dump anonymous class #<Class:0x007ffcf42a3750>

Compiled songs.css  (1ms)  (pid 15917)
Warning. Error encountered while saving cache /Users/tony/jiemian/prose/tmp/cache/sass/eabd7c6b3f694c465643d72a02b03d976a58b7ff/users.css.scssc: can't dump anonymous class #<Class:0x007ffcf42a3750>

Compiled users.css  (1ms)  (pid 15917)
Compiled application.css  (35ms)  (pid 15917)
Started GET "/" for 127.0.0.1 at 2015-12-25 15:20:02 +0800
Processing by HomeController#index as HTML
  Rendered layouts/_item.erb (58.3ms)
  Rendered layouts/_item.erb (2.6ms)
  Rendered layouts/_item.erb (2.2ms)
  Rendered layouts/_item.erb (1.9ms)
  Rendered layouts/_item.erb (1.9ms)
  Rendered layouts/_item.erb (2.8ms)
  Rendered layouts/_item.erb (1.9ms)
  Rendered layouts/_item.erb (1.9ms)
  Rendered layouts/_item.erb (2.3ms)
  Rendered layouts/_item.erb (3.5ms)
  Rendered layouts/_item.erb (2.2ms)
  Rendered layouts/_item.erb (3.1ms)
  Rendered home/index.html.erb within layouts/application (98.7ms)
  Rendered layouts/_header.erb (1.8ms)
  Rendered layouts/_top.erb (0.6ms)
  Rendered layouts/_footer.erb (0.2ms)
Completed 200 OK in 126ms (Views: 125.3ms)
Started GET "/assets/application-8ae84bed6e2a8e2dbd43470a862998b0.css" for 127.0.0.1 at 2015-12-25 15:20:02 +0800

ActionController::RoutingError (No route matches [GET] "/assets/application-8ae84bed6e2a8e2dbd43470a862998b0.css"):
  actionpack (3.2.14) lib/action_dispatch/middleware/debug_exceptions.rb:21:in `call'
  actionpack (3.2.14) lib/action_dispatch/middleware/show_exceptions.rb:56:in `call'
  railties (3.2.14) lib/rails/rack/logger.rb:32:in `call_app'
  railties (3.2.14) lib/rails/rack/logger.rb:16:in `block in call'
  activesupport (3.2.14) lib/active_support/tagged_logging.rb:22:in `tagged'
  railties (3.2.14) lib/rails/rack/logger.rb:16:in `call'
  actionpack (3.2.14) lib/action_dispatch/middleware/request_id.rb:22:in `call'
  rack (1.4.7) lib/rack/methodoverride.rb:21:in `call'
  rack (1.4.7) lib/rack/runtime.rb:17:in `call'
  activesupport (3.2.14) lib/active_support/cache/strategy/local_cache.rb:72:in `call'
  rack (1.4.7) lib/rack/lock.rb:15:in `call'
  rack-cache (1.5.1) lib/rack/cache/context.rb:140:in `forward'
  rack-cache (1.5.1) lib/rack/cache/context.rb:249:in `fetch'
  rack-cache (1.5.1) lib/rack/cache/context.rb:189:in `lookup'
  rack-cache (1.5.1) lib/rack/cache/context.rb:66:in `call!'
  rack-cache (1.5.1) lib/rack/cache/context.rb:51:in `call'
  railties (3.2.14) lib/rails/engine.rb:484:in `call'
  railties (3.2.14) lib/rails/application.rb:231:in `call'
  rack (1.4.7) lib/rack/content_length.rb:14:in `call'
  railties (3.2.14) lib/rails/rack/log_tailer.rb:17:in `call'
  rack (1.4.7) lib/rack/handler/webrick.rb:59:in `service'
  /Users/tony/.rvm/rubies/ruby-2.0.0-p643/lib/ruby/2.0.0/webrick/httpserver.rb:138:in `service'
  /Users/tony/.rvm/rubies/ruby-2.0.0-p643/lib/ruby/2.0.0/webrick/httpserver.rb:94:in `run'
  /Users/tony/.rvm/rubies/ruby-2.0.0-p643/lib/ruby/2.0.0/webrick/server.rb:295:in `block in start_thread'


Started GET "/assets/application-97935d33ecaab343fa051b846aeb304e.js" for 127.0.0.1 at 2015-12-25 15:20:02 +0800

ActionController::RoutingError (No route matches [GET] "/assets/application-97935d33ecaab343fa051b846aeb304e.js"):
  actionpack (3.2.14) lib/action_dispatch/middleware/debug_exceptions.rb:21:in `call'
  actionpack (3.2.14) lib/action_dispatch/middleware/show_exceptions.rb:56:in `call'
  railties (3.2.14) lib/rails/rack/logger.rb:32:in `call_app'
  railties (3.2.14) lib/rails/rack/logger.rb:16:in `block in call'
  activesupport (3.2.14) lib/active_support/tagged_logging.rb:22:in `tagged'
  railties (3.2.14) lib/rails/rack/logger.rb:16:in `call'
  actionpack (3.2.14) lib/action_dispatch/middleware/request_id.rb:22:in `call'
  rack (1.4.7) lib/rack/methodoverride.rb:21:in `call'
  rack (1.4.7) lib/rack/runtime.rb:17:in `call'
  activesupport (3.2.14) lib/active_support/cache/strategy/local_cache.rb:72:in `call'
  rack (1.4.7) lib/rack/lock.rb:15:in `call'
  rack-cache (1.5.1) lib/rack/cache/context.rb:140:in `forward'
  rack-cache (1.5.1) lib/rack/cache/context.rb:249:in `fetch'
  rack-cache (1.5.1) lib/rack/cache/context.rb:189:in `lookup'
  rack-cache (1.5.1) lib/rack/cache/context.rb:66:in `call!'
  rack-cache (1.5.1) lib/rack/cache/context.rb:51:in `call'
  railties (3.2.14) lib/rails/engine.rb:484:in `call'
  railties (3.2.14) lib/rails/application.rb:231:in `call'
  rack (1.4.7) lib/rack/content_length.rb:14:in `call'
  railties (3.2.14) lib/rails/rack/log_tailer.rb:17:in `call'
  rack (1.4.7) lib/rack/handler/webrick.rb:59:in `service'
  /Users/tony/.rvm/rubies/ruby-2.0.0-p643/lib/ruby/2.0.0/webrick/httpserver.rb:138:in `service'
  /Users/tony/.rvm/rubies/ruby-2.0.0-p643/lib/ruby/2.0.0/webrick/httpserver.rb:94:in `run'
  /Users/tony/.rvm/rubies/ruby-2.0.0-p643/lib/ruby/2.0.0/webrick/server.rb:295:in `block in start_thread'


Started GET "/" for 127.0.0.1 at 2015-12-25 15:20:06 +0800
Processing by HomeController#index as HTML
  Rendered layouts/_item.erb (2.7ms)
  Rendered layouts/_item.erb (2.2ms)
  Rendered layouts/_item.erb (2.5ms)
  Rendered layouts/_item.erb (2.0ms)
  Rendered layouts/_item.erb (2.1ms)
  Rendered layouts/_item.erb (2.9ms)
  Rendered layouts/_item.erb (1.9ms)
  Rendered layouts/_item.erb (1.9ms)
  Rendered layouts/_item.erb (2.3ms)
  Rendered layouts/_item.erb (2.1ms)
  Rendered layouts/_item.erb (1.9ms)
  Rendered layouts/_item.erb (2.3ms)
  Rendered home/index.html.erb within layouts/application (57.1ms)
  Rendered layouts/_header.erb (1.0ms)
  Rendered layouts/_top.erb (0.2ms)
  Rendered layouts/_footer.erb (0.0ms)
Completed 200 OK in 61ms (Views: 59.8ms)
Started GET "/assets/application-97935d33ecaab343fa051b846aeb304e.js" for 127.0.0.1 at 2015-12-25 15:20:06 +0800

ActionController::RoutingError (No route matches [GET] "/assets/application-97935d33ecaab343fa051b846aeb304e.js"):
  actionpack (3.2.14) lib/action_dispatch/middleware/debug_exceptions.rb:21:in `call'
  actionpack (3.2.14) lib/action_dispatch/middleware/show_exceptions.rb:56:in `call'
  railties (3.2.14) lib/rails/rack/logger.rb:32:in `call_app'
  railties (3.2.14) lib/rails/rack/logger.rb:16:in `block in call'
  activesupport (3.2.14) lib/active_support/tagged_logging.rb:22:in `tagged'
  railties (3.2.14) lib/rails/rack/logger.rb:16:in `call'
  actionpack (3.2.14) lib/action_dispatch/middleware/request_id.rb:22:in `call'
  rack (1.4.7) lib/rack/methodoverride.rb:21:in `call'
  rack (1.4.7) lib/rack/runtime.rb:17:in `call'
  activesupport (3.2.14) lib/active_support/cache/strategy/local_cache.rb:72:in `call'
  rack (1.4.7) lib/rack/lock.rb:15:in `call'
  rack-cache (1.5.1) lib/rack/cache/context.rb:140:in `forward'
  rack-cache (1.5.1) lib/rack/cache/context.rb:249:in `fetch'
  rack-cache (1.5.1) lib/rack/cache/context.rb:189:in `lookup'
  rack-cache (1.5.1) lib/rack/cache/context.rb:66:in `call!'
  rack-cache (1.5.1) lib/rack/cache/context.rb:51:in `call'
  railties (3.2.14) lib/rails/engine.rb:484:in `call'
  railties (3.2.14) lib/rails/application.rb:231:in `call'
  rack (1.4.7) lib/rack/content_length.rb:14:in `call'
  railties (3.2.14) lib/rails/rack/log_tailer.rb:17:in `call'
  rack (1.4.7) lib/rack/handler/webrick.rb:59:in `service'
  /Users/tony/.rvm/rubies/ruby-2.0.0-p643/lib/ruby/2.0.0/webrick/httpserver.rb:138:in `service'
  /Users/tony/.rvm/rubies/ruby-2.0.0-p643/lib/ruby/2.0.0/webrick/httpserver.rb:94:in `run'
  /Users/tony/.rvm/rubies/ruby-2.0.0-p643/lib/ruby/2.0.0/webrick/server.rb:295:in `block in start_thread'


Started GET "/assets/application-8ae84bed6e2a8e2dbd43470a862998b0.css" for 127.0.0.1 at 2015-12-25 15:20:06 +0800

ActionController::RoutingError (No route matches [GET] "/assets/application-8ae84bed6e2a8e2dbd43470a862998b0.css"):
  actionpack (3.2.14) lib/action_dispatch/middleware/debug_exceptions.rb:21:in `call'
  actionpack (3.2.14) lib/action_dispatch/middleware/show_exceptions.rb:56:in `call'
  railties (3.2.14) lib/rails/rack/logger.rb:32:in `call_app'
  railties (3.2.14) lib/rails/rack/logger.rb:16:in `block in call'
  activesupport (3.2.14) lib/active_support/tagged_logging.rb:22:in `tagged'
  railties (3.2.14) lib/rails/rack/logger.rb:16:in `call'
  actionpack (3.2.14) lib/action_dispatch/middleware/request_id.rb:22:in `call'
  rack (1.4.7) lib/rack/methodoverride.rb:21:in `call'
  rack (1.4.7) lib/rack/runtime.rb:17:in `call'
  activesupport (3.2.14) lib/active_support/cache/strategy/local_cache.rb:72:in `call'
  rack (1.4.7) lib/rack/lock.rb:15:in `call'
  rack-cache (1.5.1) lib/rack/cache/context.rb:140:in `forward'
  rack-cache (1.5.1) lib/rack/cache/context.rb:249:in `fetch'
  rack-cache (1.5.1) lib/rack/cache/context.rb:189:in `lookup'
  rack-cache (1.5.1) lib/rack/cache/context.rb:66:in `call!'
  rack-cache (1.5.1) lib/rack/cache/context.rb:51:in `call'
  railties (3.2.14) lib/rails/engine.rb:484:in `call'
  railties (3.2.14) lib/rails/application.rb:231:in `call'
  rack (1.4.7) lib/rack/content_length.rb:14:in `call'
  railties (3.2.14) lib/rails/rack/log_tailer.rb:17:in `call'
  rack (1.4.7) lib/rack/handler/webrick.rb:59:in `service'
  /Users/tony/.rvm/rubies/ruby-2.0.0-p643/lib/ruby/2.0.0/webrick/httpserver.rb:138:in `service'
  /Users/tony/.rvm/rubies/ruby-2.0.0-p643/lib/ruby/2.0.0/webrick/httpserver.rb:94:in `run'
  /Users/tony/.rvm/rubies/ruby-2.0.0-p643/lib/ruby/2.0.0/webrick/server.rb:295:in `block in start_thread'


Started GET "/" for 127.0.0.1 at 2015-12-25 15:22:33 +0800
Processing by HomeController#index as HTML
  Rendered layouts/_item.erb (39.1ms)
  Rendered layouts/_item.erb (2.4ms)
  Rendered layouts/_item.erb (2.1ms)
  Rendered layouts/_item.erb (2.2ms)
  Rendered layouts/_item.erb (1.8ms)
  Rendered layouts/_item.erb (2.9ms)
  Rendered layouts/_item.erb (2.0ms)
  Rendered layouts/_item.erb (2.0ms)
  Rendered layouts/_item.erb (2.0ms)
  Rendered layouts/_item.erb (3.2ms)
  Rendered layouts/_item.erb (2.3ms)
  Rendered layouts/_item.erb (3.4ms)
  Rendered home/index.html.erb within layouts/application (103.1ms)
  Rendered layouts/_header.erb (1.6ms)
  Rendered layouts/_top.erb (0.6ms)
  Rendered layouts/_footer.erb (0.2ms)
Completed 200 OK in 113ms (Views: 111.9ms)
Started GET "/assets/application-8ae84bed6e2a8e2dbd43470a862998b0.css" for 127.0.0.1 at 2015-12-25 15:22:34 +0800
Served asset /application-8ae84bed6e2a8e2dbd43470a862998b0.css - 200 OK (6ms)
Started GET "/assets/application-97935d33ecaab343fa051b846aeb304e.js" for 127.0.0.1 at 2015-12-25 15:22:34 +0800
Served asset /application-97935d33ecaab343fa051b846aeb304e.js - 200 OK (7ms)
Started GET "/poetries" for 127.0.0.1 at 2015-12-25 15:22:36 +0800
Processing by PoetriesController#index as HTML
  Rendered layouts/_list_item.erb (6.2ms)
  Rendered layouts/_list_item.erb (2.3ms)
  Rendered layouts/_list_item.erb (2.4ms)
  Rendered layouts/_list_item.erb (2.3ms)
  Rendered layouts/_list_item.erb (2.2ms)
  Rendered poetries/index.html.erb within layouts/application (17.6ms)
  Rendered layouts/_header.erb (0.2ms)
  Rendered layouts/_top.erb (0.2ms)
  Rendered layouts/_footer.erb (0.0ms)
Completed 200 OK in 83ms (Views: 80.2ms)
Started GET "/home" for 127.0.0.1 at 2015-12-25 15:22:36 +0800
Processing by HomeController#index as HTML
  Rendered layouts/_item.erb (2.5ms)
  Rendered layouts/_item.erb (2.0ms)
  Rendered layouts/_item.erb (2.0ms)
  Rendered layouts/_item.erb (1.9ms)
  Rendered layouts/_item.erb (2.0ms)
  Rendered layouts/_item.erb (2.7ms)
  Rendered layouts/_item.erb (2.1ms)
  Rendered layouts/_item.erb (2.0ms)
  Rendered layouts/_item.erb (2.2ms)
  Rendered layouts/_item.erb (2.1ms)
  Rendered layouts/_item.erb (1.9ms)
  Rendered layouts/_item.erb (2.2ms)
  Rendered home/index.html.erb within layouts/application (31.9ms)
  Rendered layouts/_header.erb (0.8ms)
  Rendered layouts/_top.erb (0.1ms)
  Rendered layouts/_footer.erb (0.0ms)
Completed 200 OK in 35ms (Views: 34.3ms)
Started GET "/poetries" for 127.0.0.1 at 2015-12-25 15:22:37 +0800
Processing by PoetriesController#index as HTML
  Rendered layouts/_list_item.erb (3.7ms)
  Rendered layouts/_list_item.erb (2.2ms)
  Rendered layouts/_list_item.erb (2.2ms)
  Rendered layouts/_list_item.erb (2.5ms)
  Rendered layouts/_list_item.erb (2.5ms)
  Rendered poetries/index.html.erb within layouts/application (14.0ms)
  Rendered layouts/_header.erb (0.2ms)
  Rendered layouts/_top.erb (0.1ms)
  Rendered layouts/_footer.erb (0.0ms)
Completed 200 OK in 17ms (Views: 15.5ms)
Started GET "/proses" for 127.0.0.1 at 2015-12-25 15:22:38 +0800
Processing by ProsesController#index as HTML
  Rendered layouts/_list_item.erb (4.1ms)
  Rendered layouts/_list_item.erb (2.5ms)
  Rendered layouts/_list_item.erb (2.2ms)
  Rendered layouts/_list_item.erb (2.3ms)
  Rendered proses/index.html.erb within layouts/application (12.4ms)
  Rendered layouts/_header.erb (0.2ms)
  Rendered layouts/_top.erb (0.2ms)
  Rendered layouts/_footer.erb (0.0ms)
Completed 200 OK in 18ms (Views: 16.1ms)
Started GET "/pieces" for 127.0.0.1 at 2015-12-25 15:22:38 +0800
Processing by PiecesController#index as HTML
  Rendered layouts/_list_item.erb (4.4ms)
  Rendered layouts/_list_item.erb (2.2ms)
  Rendered pieces/index.html.erb within layouts/application (7.6ms)
  Rendered layouts/_header.erb (0.2ms)
  Rendered layouts/_top.erb (0.2ms)
  Rendered layouts/_footer.erb (0.0ms)
Completed 200 OK in 12ms (Views: 10.1ms)
Started GET "/songs" for 127.0.0.1 at 2015-12-25 15:22:39 +0800
Processing by SongsController#index as HTML
  Rendered layouts/_list_item.erb (3.8ms)
  Rendered songs/index.html.erb within layouts/application (4.7ms)
  Rendered layouts/_header.erb (0.2ms)
  Rendered layouts/_top.erb (0.2ms)
  Rendered layouts/_footer.erb (0.0ms)
Completed 200 OK in 10ms (Views: 8.5ms)
Started GET "/authors" for 127.0.0.1 at 2015-12-25 15:22:40 +0800
Processing by AuthorsController#index as HTML
  Rendered authors/index.html.erb within layouts/application (160.6ms)
  Rendered layouts/_header.erb (0.2ms)
  Rendered layouts/_top.erb (0.2ms)
  Rendered layouts/_footer.erb (0.0ms)
Completed 200 OK in 165ms (Views: 163.3ms)
Started GET "/users" for 127.0.0.1 at 2015-12-25 15:22:40 +0800
Processing by UsersController#index as HTML
  Rendered users/index.html.erb within layouts/application (12.7ms)
  Rendered layouts/_header.erb (0.2ms)
  Rendered layouts/_top.erb (0.2ms)
  Rendered layouts/_footer.erb (0.0ms)
Completed 200 OK in 18ms (Views: 15.9ms)
Started GET "/home" for 127.0.0.1 at 2015-12-25 15:22:41 +0800
Processing by HomeController#index as HTML
  Rendered layouts/_item.erb (2.5ms)
  Rendered layouts/_item.erb (1.9ms)
  Rendered layouts/_item.erb (2.4ms)
  Rendered layouts/_item.erb (1.9ms)
  Rendered layouts/_item.erb (2.3ms)
  Rendered layouts/_item.erb (2.5ms)
  Rendered layouts/_item.erb (3.0ms)
  Rendered layouts/_item.erb (1.9ms)
  Rendered layouts/_item.erb (2.4ms)
  Rendered layouts/_item.erb (2.2ms)
  Rendered layouts/_item.erb (1.8ms)
  Rendered layouts/_item.erb (2.0ms)
  Rendered home/index.html.erb within layouts/application (56.3ms)
  Rendered layouts/_header.erb (0.9ms)
  Rendered layouts/_top.erb (0.1ms)
  Rendered layouts/_footer.erb (0.0ms)
Completed 200 OK in 60ms (Views: 58.8ms)
